<?xml version="1.0" encoding="UTF-8"?>
<!-- Generated by org.testng.reporters.JUnitXMLReporter -->
<testsuite ignored="0" hostname="DESKTOP-OS617JJ" failures="0" tests="3" name="Quick" time="29.1" errors="0" timestamp="2023-11-22T11:47:01 MEZ">
  <testcase classname="org.ait.kitaconnection.tests.SignInPageTests" name="signInPositiveTest" time="1.672"/>
  <testcase classname="org.ait.kitaconnection.tests.SignInPageTests" name="signInWithWrongEmailNegativeTest" time="0.98"/>
  <testcase classname="org.ait.kitaconnection.tests.SignInPageTests" name="signOutPositiveTest" time="1.184"/>
</testsuite> <!-- Quick -->
